[2017-06-24 20:59:44.455] [INFO] console - <Buffer 5b 32 30 31 37 2d 30 36 2d 32 34 20 32 30 3a 35 37 3a 34 36 2e 36 34 30 5d 20 5b 46 41 54 41 4c 5d 20 63 6f 64 65 5f 6c 6f 67 20 2d 20 e8 ae bf e9 97 ... >
[2017-06-24 20:59:44.455] [INFO] console - <Buffer 5b 32 30 31 37 2d 30 36 2d 32 34 20 32 30 3a 35 37 3a 34 36 2e 36 34 30 5d 20 5b 46 41 54 41 4c 5d 20 63 6f 64 65 5f 6c 6f 67 20 2d 20 e8 ae bf e9 97 ... >
[2017-06-24 20:59:44.455] [INFO] console - <Buffer 5b 32 30 31 37 2d 30 36 2d 32 34 20 32 30 3a 35 37 3a 34 36 2e 36 34 30 5d 20 5b 46 41 54 41 4c 5d 20 63 6f 64 65 5f 6c 6f 67 20 2d 20 e8 ae bf e9 97 ... >
[2017-06-24 20:59:44.455] [INFO] console - <Buffer 5b 32 30 31 37 2d 30 36 2d 32 34 20 32 30 3a 35 37 3a 34 36 2e 36 34 30 5d 20 5b 46 41 54 41 4c 5d 20 63 6f 64 65 5f 6c 6f 67 20 2d 20 e8 ae bf e9 97 ... >
[2017-06-24 20:59:44.455] [INFO] console - <Buffer 5b 32 30 31 37 2d 30 36 2d 32 34 20 32 30 3a 35 37 3a 34 36 2e 36 34 30 5d 20 5b 46 41 54 41 4c 5d 20 63 6f 64 65 5f 6c 6f 67 20 2d 20 e8 ae bf e9 97 ... >
[2017-06-24 20:59:44.455] [INFO] console - <Buffer 5b 32 30 31 37 2d 30 36 2d 32 34 20 32 30 3a 35 37 3a 34 36 2e 36 34 30 5d 20 5b 46 41 54 41 4c 5d 20 63 6f 64 65 5f 6c 6f 67 20 2d 20 e8 ae bf e9 97 ... >
[2017-06-24 20:59:44.455] [INFO] console - <Buffer 5b 32 30 31 37 2d 30 36 2d 32 34 20 32 30 3a 35 37 3a 34 36 2e 36 34 30 5d 20 5b 46 41 54 41 4c 5d 20 63 6f 64 65 5f 6c 6f 67 20 2d 20 e8 ae bf e9 97 ... >
[2017-06-24 20:59:44.455] [INFO] console - <Buffer 5b 32 30 31 37 2d 30 36 2d 32 34 20 32 30 3a 35 37 3a 34 36 2e 36 34 30 5d 20 5b 46 41 54 41 4c 5d 20 63 6f 64 65 5f 6c 6f 67 20 2d 20 e8 ae bf e9 97 ... >
[2017-06-24 20:59:44.455] [INFO] console - <Buffer 5b 32 30 31 37 2d 30 36 2d 32 34 20 32 30 3a 35 37 3a 34 36 2e 36 34 30 5d 20 5b 46 41 54 41 4c 5d 20 63 6f 64 65 5f 6c 6f 67 20 2d 20 e8 ae bf e9 97 ... >
[2017-06-24 20:59:44.455] [INFO] console - <Buffer 5b 32 30 31 37 2d 30 36 2d 32 34 20 32 30 3a 35 37 3a 34 36 2e 36 34 30 5d 20 5b 46 41 54 41 4c 5d 20 63 6f 64 65 5f 6c 6f 67 20 2d 20 e8 ae bf e9 97 ... >
[2017-06-24 20:59:44.455] [INFO] console - <Buffer 5b 32 30 31 37 2d 30 36 2d 32 34 20 32 30 3a 35 37 3a 34 36 2e 36 34 30 5d 20 5b 46 41 54 41 4c 5d 20 63 6f 64 65 5f 6c 6f 67 20 2d 20 e8 ae bf e9 97 ... >
[2017-06-24 20:59:44.455] [INFO] console - <Buffer 5b 32 30 31 37 2d 30 36 2d 32 34 20 32 30 3a 35 37 3a 34 36 2e 36 34 30 5d 20 5b 46 41 54 41 4c 5d 20 63 6f 64 65 5f 6c 6f 67 20 2d 20 e8 ae bf e9 97 ... >
[2017-06-24 20:59:44.455] [INFO] console - <Buffer 5b 32 30 31 37 2d 30 36 2d 32 34 20 32 30 3a 35 37 3a 34 36 2e 36 34 30 5d 20 5b 46 41 54 41 4c 5d 20 63 6f 64 65 5f 6c 6f 67 20 2d 20 e8 ae bf e9 97 ... >
[2017-06-24 20:59:44.455] [INFO] console - <Buffer 5b 32 30 31 37 2d 30 36 2d 32 34 20 32 30 3a 35 37 3a 34 36 2e 36 34 30 5d 20 5b 46 41 54 41 4c 5d 20 63 6f 64 65 5f 6c 6f 67 20 2d 20 e8 ae bf e9 97 ... >
[2017-06-24 20:59:44.455] [INFO] console - <Buffer 5b 32 30 31 37 2d 30 36 2d 32 34 20 32 30 3a 35 37 3a 34 36 2e 36 34 30 5d 20 5b 46 41 54 41 4c 5d 20 63 6f 64 65 5f 6c 6f 67 20 2d 20 e8 ae bf e9 97 ... >
[2017-06-24 20:59:44.455] [INFO] console - <Buffer 5b 32 30 31 37 2d 30 36 2d 32 34 20 32 30 3a 35 37 3a 34 36 2e 36 34 30 5d 20 5b 46 41 54 41 4c 5d 20 63 6f 64 65 5f 6c 6f 67 20 2d 20 e8 ae bf e9 97 ... >
[2017-06-24 20:59:44.455] [INFO] console - <Buffer 5b 32 30 31 37 2d 30 36 2d 32 34 20 32 30 3a 35 37 3a 34 36 2e 36 34 30 5d 20 5b 46 41 54 41 4c 5d 20 63 6f 64 65 5f 6c 6f 67 20 2d 20 e8 ae bf e9 97 ... >
[2017-06-24 20:59:44.455] [INFO] console - <Buffer 5b 32 30 31 37 2d 30 36 2d 32 34 20 32 30 3a 35 37 3a 34 36 2e 36 34 30 5d 20 5b 46 41 54 41 4c 5d 20 63 6f 64 65 5f 6c 6f 67 20 2d 20 e8 ae bf e9 97 ... >
[2017-06-24 20:59:44.455] [INFO] console - <Buffer 5b 32 30 31 37 2d 30 36 2d 32 34 20 32 30 3a 35 37 3a 34 36 2e 36 34 30 5d 20 5b 46 41 54 41 4c 5d 20 63 6f 64 65 5f 6c 6f 67 20 2d 20 e8 ae bf e9 97 ... >
[2017-06-24 20:59:44.456] [INFO] console - <Buffer 5b 32 30 31 37 2d 30 36 2d 32 34 20 32 30 3a 35 37 3a 34 36 2e 36 34 30 5d 20 5b 46 41 54 41 4c 5d 20 63 6f 64 65 5f 6c 6f 67 20 2d 20 e8 ae bf e9 97 ... >
[2017-06-24 20:59:44.456] [INFO] console - <Buffer 5b 32 30 31 37 2d 30 36 2d 32 34 20 32 30 3a 35 37 3a 34 36 2e 36 34 30 5d 20 5b 46 41 54 41 4c 5d 20 63 6f 64 65 5f 6c 6f 67 20 2d 20 e8 ae bf e9 97 ... >
[2017-06-24 20:59:44.456] [INFO] console - <Buffer 5b 32 30 31 37 2d 30 36 2d 32 34 20 32 30 3a 35 37 3a 34 36 2e 36 34 30 5d 20 5b 46 41 54 41 4c 5d 20 63 6f 64 65 5f 6c 6f 67 20 2d 20 e8 ae bf e9 97 ... >
[2017-06-24 20:59:44.456] [INFO] console - <Buffer 5b 32 30 31 37 2d 30 36 2d 32 34 20 32 30 3a 35 37 3a 34 36 2e 36 34 30 5d 20 5b 46 41 54 41 4c 5d 20 63 6f 64 65 5f 6c 6f 67 20 2d 20 e8 ae bf e9 97 ... >
[2017-06-24 20:59:44.456] [INFO] console - <Buffer 5b 32 30 31 37 2d 30 36 2d 32 34 20 32 30 3a 35 37 3a 34 36 2e 36 34 30 5d 20 5b 46 41 54 41 4c 5d 20 63 6f 64 65 5f 6c 6f 67 20 2d 20 e8 ae bf e9 97 ... >
[2017-06-24 20:59:44.456] [INFO] console - <Buffer 5b 32 30 31 37 2d 30 36 2d 32 34 20 32 30 3a 35 37 3a 34 36 2e 36 34 30 5d 20 5b 46 41 54 41 4c 5d 20 63 6f 64 65 5f 6c 6f 67 20 2d 20 e8 ae bf e9 97 ... >
[2017-06-24 20:59:44.456] [INFO] console - <Buffer 5b 32 30 31 37 2d 30 36 2d 32 34 20 32 30 3a 35 37 3a 34 36 2e 36 34 30 5d 20 5b 46 41 54 41 4c 5d 20 63 6f 64 65 5f 6c 6f 67 20 2d 20 e8 ae bf e9 97 ... >
[2017-06-24 20:59:44.456] [INFO] console - <Buffer 5b 32 30 31 37 2d 30 36 2d 32 34 20 32 30 3a 35 37 3a 34 36 2e 36 34 30 5d 20 5b 46 41 54 41 4c 5d 20 63 6f 64 65 5f 6c 6f 67 20 2d 20 e8 ae bf e9 97 ... >
[2017-06-24 20:59:44.456] [INFO] console - <Buffer 5b 32 30 31 37 2d 30 36 2d 32 34 20 32 30 3a 35 37 3a 34 36 2e 36 34 30 5d 20 5b 46 41 54 41 4c 5d 20 63 6f 64 65 5f 6c 6f 67 20 2d 20 e8 ae bf e9 97 ... >
[2017-06-24 20:59:44.456] [INFO] console - <Buffer 5b 32 30 31 37 2d 30 36 2d 32 34 20 32 30 3a 35 37 3a 34 36 2e 36 34 30 5d 20 5b 46 41 54 41 4c 5d 20 63 6f 64 65 5f 6c 6f 67 20 2d 20 e8 ae bf e9 97 ... >
[2017-06-24 20:59:44.456] [INFO] console - <Buffer 5b 32 30 31 37 2d 30 36 2d 32 34 20 32 30 3a 35 37 3a 34 36 2e 36 34 30 5d 20 5b 46 41 54 41 4c 5d 20 63 6f 64 65 5f 6c 6f 67 20 2d 20 e8 ae bf e9 97 ... >
[2017-06-24 20:59:44.456] [INFO] console - <Buffer 5b 32 30 31 37 2d 30 36 2d 32 34 20 32 30 3a 35 37 3a 34 36 2e 36 34 30 5d 20 5b 46 41 54 41 4c 5d 20 63 6f 64 65 5f 6c 6f 67 20 2d 20 e8 ae bf e9 97 ... >
[2017-06-24 20:59:44.456] [INFO] console - <Buffer 5b 32 30 31 37 2d 30 36 2d 32 34 20 32 30 3a 35 37 3a 34 36 2e 36 34 30 5d 20 5b 46 41 54 41 4c 5d 20 63 6f 64 65 5f 6c 6f 67 20 2d 20 e8 ae bf e9 97 ... >
[2017-06-24 20:59:44.456] [INFO] console - <Buffer 5b 32 30 31 37 2d 30 36 2d 32 34 20 32 30 3a 35 37 3a 34 36 2e 36 34 30 5d 20 5b 46 41 54 41 4c 5d 20 63 6f 64 65 5f 6c 6f 67 20 2d 20 e8 ae bf e9 97 ... >
[2017-06-24 20:59:44.456] [INFO] console - <Buffer 5b 32 30 31 37 2d 30 36 2d 32 34 20 32 30 3a 35 37 3a 34 36 2e 36 34 30 5d 20 5b 46 41 54 41 4c 5d 20 63 6f 64 65 5f 6c 6f 67 20 2d 20 e8 ae bf e9 97 ... >
[2017-06-24 20:59:44.456] [INFO] console - <Buffer 5b 32 30 31 37 2d 30 36 2d 32 34 20 32 30 3a 35 37 3a 34 36 2e 36 34 30 5d 20 5b 46 41 54 41 4c 5d 20 63 6f 64 65 5f 6c 6f 67 20 2d 20 e8 ae bf e9 97 ... >
[2017-06-24 20:59:44.456] [INFO] console - <Buffer 5b 32 30 31 37 2d 30 36 2d 32 34 20 32 30 3a 35 37 3a 34 36 2e 36 34 30 5d 20 5b 46 41 54 41 4c 5d 20 63 6f 64 65 5f 6c 6f 67 20 2d 20 e8 ae bf e9 97 ... >
[2017-06-24 20:59:44.456] [INFO] console - <Buffer 5b 32 30 31 37 2d 30 36 2d 32 34 20 32 30 3a 35 37 3a 34 36 2e 36 34 30 5d 20 5b 46 41 54 41 4c 5d 20 63 6f 64 65 5f 6c 6f 67 20 2d 20 e8 ae bf e9 97 ... >
[2017-06-24 20:59:44.456] [INFO] console - <Buffer 5b 32 30 31 37 2d 30 36 2d 32 34 20 32 30 3a 35 37 3a 34 36 2e 36 34 30 5d 20 5b 46 41 54 41 4c 5d 20 63 6f 64 65 5f 6c 6f 67 20 2d 20 e8 ae bf e9 97 ... >
[2017-06-24 20:59:44.456] [INFO] console - <Buffer 5b 32 30 31 37 2d 30 36 2d 32 34 20 32 30 3a 35 37 3a 34 36 2e 36 34 30 5d 20 5b 46 41 54 41 4c 5d 20 63 6f 64 65 5f 6c 6f 67 20 2d 20 e8 ae bf e9 97 ... >
[2017-06-24 20:59:44.456] [INFO] console - <Buffer 5b 32 30 31 37 2d 30 36 2d 32 34 20 32 30 3a 35 37 3a 34 36 2e 36 34 30 5d 20 5b 46 41 54 41 4c 5d 20 63 6f 64 65 5f 6c 6f 67 20 2d 20 e8 ae bf e9 97 ... >
[2017-06-24 20:59:44.456] [INFO] console - <Buffer 5b 32 30 31 37 2d 30 36 2d 32 34 20 32 30 3a 35 37 3a 34 36 2e 36 34 30 5d 20 5b 46 41 54 41 4c 5d 20 63 6f 64 65 5f 6c 6f 67 20 2d 20 e8 ae bf e9 97 ... >
[2017-06-24 20:59:44.456] [INFO] console - <Buffer 5b 32 30 31 37 2d 30 36 2d 32 34 20 32 30 3a 35 37 3a 34 36 2e 36 34 30 5d 20 5b 46 41 54 41 4c 5d 20 63 6f 64 65 5f 6c 6f 67 20 2d 20 e8 ae bf e9 97 ... >
[2017-06-24 20:59:44.456] [INFO] console - <Buffer 5b 32 30 31 37 2d 30 36 2d 32 34 20 32 30 3a 35 37 3a 34 36 2e 36 34 30 5d 20 5b 46 41 54 41 4c 5d 20 63 6f 64 65 5f 6c 6f 67 20 2d 20 e8 ae bf e9 97 ... >
[2017-06-24 20:59:44.456] [INFO] console - <Buffer 5b 32 30 31 37 2d 30 36 2d 32 34 20 32 30 3a 35 37 3a 34 36 2e 36 34 30 5d 20 5b 46 41 54 41 4c 5d 20 63 6f 64 65 5f 6c 6f 67 20 2d 20 e8 ae bf e9 97 ... >
[2017-06-24 20:59:44.456] [INFO] console - <Buffer 5b 32 30 31 37 2d 30 36 2d 32 34 20 32 30 3a 35 37 3a 34 36 2e 36 34 30 5d 20 5b 46 41 54 41 4c 5d 20 63 6f 64 65 5f 6c 6f 67 20 2d 20 e8 ae bf e9 97 ... >
[2017-06-24 20:59:44.456] [INFO] console - <Buffer 5b 32 30 31 37 2d 30 36 2d 32 34 20 32 30 3a 35 37 3a 34 36 2e 36 34 30 5d 20 5b 46 41 54 41 4c 5d 20 63 6f 64 65 5f 6c 6f 67 20 2d 20 e8 ae bf e9 97 ... >
[2017-06-24 20:59:44.456] [INFO] console - <Buffer 5b 32 30 31 37 2d 30 36 2d 32 34 20 32 30 3a 35 37 3a 34 36 2e 36 34 30 5d 20 5b 46 41 54 41 4c 5d 20 63 6f 64 65 5f 6c 6f 67 20 2d 20 e8 ae bf e9 97 ... >
[2017-06-24 20:59:44.456] [INFO] console - <Buffer 5b 32 30 31 37 2d 30 36 2d 32 34 20 32 30 3a 35 37 3a 34 36 2e 36 34 30 5d 20 5b 46 41 54 41 4c 5d 20 63 6f 64 65 5f 6c 6f 67 20 2d 20 e8 ae bf e9 97 ... >
[2017-06-24 20:59:44.456] [INFO] console - <Buffer 5b 32 30 31 37 2d 30 36 2d 32 34 20 32 30 3a 35 37 3a 34 36 2e 36 34 30 5d 20 5b 46 41 54 41 4c 5d 20 63 6f 64 65 5f 6c 6f 67 20 2d 20 e8 ae bf e9 97 ... >
[2017-06-24 20:59:44.456] [INFO] console - <Buffer 5b 32 30 31 37 2d 30 36 2d 32 34 20 32 30 3a 35 37 3a 34 36 2e 36 34 30 5d 20 5b 46 41 54 41 4c 5d 20 63 6f 64 65 5f 6c 6f 67 20 2d 20 e8 ae bf e9 97 ... >
[2017-06-24 20:59:44.456] [INFO] console - <Buffer 5b 32 30 31 37 2d 30 36 2d 32 34 20 32 30 3a 35 37 3a 34 36 2e 36 34 30 5d 20 5b 46 41 54 41 4c 5d 20 63 6f 64 65 5f 6c 6f 67 20 2d 20 e8 ae bf e9 97 ... >
[2017-06-24 20:59:44.457] [INFO] console - <Buffer 5b 32 30 31 37 2d 30 36 2d 32 34 20 32 30 3a 35 37 3a 34 36 2e 36 34 30 5d 20 5b 46 41 54 41 4c 5d 20 63 6f 64 65 5f 6c 6f 67 20 2d 20 e8 ae bf e9 97 ... >
[2017-06-24 20:59:44.457] [INFO] console - <Buffer 5b 32 30 31 37 2d 30 36 2d 32 34 20 32 30 3a 35 37 3a 34 36 2e 36 34 30 5d 20 5b 46 41 54 41 4c 5d 20 63 6f 64 65 5f 6c 6f 67 20 2d 20 e8 ae bf e9 97 ... >
[2017-06-24 20:59:44.457] [INFO] console - <Buffer 5b 32 30 31 37 2d 30 36 2d 32 34 20 32 30 3a 35 37 3a 34 36 2e 36 34 30 5d 20 5b 46 41 54 41 4c 5d 20 63 6f 64 65 5f 6c 6f 67 20 2d 20 e8 ae bf e9 97 ... >
[2017-06-24 20:59:44.457] [INFO] console - <Buffer 5b 32 30 31 37 2d 30 36 2d 32 34 20 32 30 3a 35 37 3a 34 36 2e 36 34 30 5d 20 5b 46 41 54 41 4c 5d 20 63 6f 64 65 5f 6c 6f 67 20 2d 20 e8 ae bf e9 97 ... >
[2017-06-24 20:59:44.457] [INFO] console - <Buffer 5b 32 30 31 37 2d 30 36 2d 32 34 20 32 30 3a 35 37 3a 34 36 2e 36 34 30 5d 20 5b 46 41 54 41 4c 5d 20 63 6f 64 65 5f 6c 6f 67 20 2d 20 e8 ae bf e9 97 ... >
[2017-06-24 20:59:44.457] [INFO] console - <Buffer 5b 32 30 31 37 2d 30 36 2d 32 34 20 32 30 3a 35 37 3a 34 36 2e 36 34 30 5d 20 5b 46 41 54 41 4c 5d 20 63 6f 64 65 5f 6c 6f 67 20 2d 20 e8 ae bf e9 97 ... >
[2017-06-24 20:59:44.457] [INFO] console - <Buffer 5b 32 30 31 37 2d 30 36 2d 32 34 20 32 30 3a 35 37 3a 34 36 2e 36 34 30 5d 20 5b 46 41 54 41 4c 5d 20 63 6f 64 65 5f 6c 6f 67 20 2d 20 e8 ae bf e9 97 ... >
[2017-06-24 20:59:44.457] [INFO] console - <Buffer 5b 32 30 31 37 2d 30 36 2d 32 34 20 32 30 3a 35 37 3a 34 36 2e 36 34 30 5d 20 5b 46 41 54 41 4c 5d 20 63 6f 64 65 5f 6c 6f 67 20 2d 20 e8 ae bf e9 97 ... >
[2017-06-24 20:59:44.457] [INFO] console - <Buffer 5b 32 30 31 37 2d 30 36 2d 32 34 20 32 30 3a 35 37 3a 34 36 2e 36 34 30 5d 20 5b 46 41 54 41 4c 5d 20 63 6f 64 65 5f 6c 6f 67 20 2d 20 e8 ae bf e9 97 ... >
[2017-06-24 20:59:44.457] [INFO] console - <Buffer 5b 32 30 31 37 2d 30 36 2d 32 34 20 32 30 3a 35 37 3a 34 36 2e 36 34 30 5d 20 5b 46 41 54 41 4c 5d 20 63 6f 64 65 5f 6c 6f 67 20 2d 20 e8 ae bf e9 97 ... >
[2017-06-24 20:59:44.457] [INFO] console - <Buffer 5b 32 30 31 37 2d 30 36 2d 32 34 20 32 30 3a 35 37 3a 34 36 2e 36 34 30 5d 20 5b 46 41 54 41 4c 5d 20 63 6f 64 65 5f 6c 6f 67 20 2d 20 e8 ae bf e9 97 ... >
[2017-06-24 20:59:44.457] [INFO] console - <Buffer 5b 32 30 31 37 2d 30 36 2d 32 34 20 32 30 3a 35 37 3a 34 36 2e 36 34 30 5d 20 5b 46 41 54 41 4c 5d 20 63 6f 64 65 5f 6c 6f 67 20 2d 20 e8 ae bf e9 97 ... >
[2017-06-24 20:59:44.457] [INFO] console - <Buffer 5b 32 30 31 37 2d 30 36 2d 32 34 20 32 30 3a 35 37 3a 34 36 2e 36 34 30 5d 20 5b 46 41 54 41 4c 5d 20 63 6f 64 65 5f 6c 6f 67 20 2d 20 e8 ae bf e9 97 ... >
[2017-06-24 20:59:44.457] [INFO] console - <Buffer 5b 32 30 31 37 2d 30 36 2d 32 34 20 32 30 3a 35 37 3a 34 36 2e 36 34 30 5d 20 5b 46 41 54 41 4c 5d 20 63 6f 64 65 5f 6c 6f 67 20 2d 20 e8 ae bf e9 97 ... >
[2017-06-24 20:59:44.457] [INFO] console - <Buffer 5b 32 30 31 37 2d 30 36 2d 32 34 20 32 30 3a 35 37 3a 34 36 2e 36 34 30 5d 20 5b 46 41 54 41 4c 5d 20 63 6f 64 65 5f 6c 6f 67 20 2d 20 e8 ae bf e9 97 ... >
[2017-06-24 20:59:44.457] [INFO] console - <Buffer 5b 32 30 31 37 2d 30 36 2d 32 34 20 32 30 3a 35 37 3a 34 36 2e 36 34 30 5d 20 5b 46 41 54 41 4c 5d 20 63 6f 64 65 5f 6c 6f 67 20 2d 20 e8 ae bf e9 97 ... >
[2017-06-24 20:59:44.457] [INFO] console - <Buffer 5b 32 30 31 37 2d 30 36 2d 32 34 20 32 30 3a 35 37 3a 34 36 2e 36 34 30 5d 20 5b 46 41 54 41 4c 5d 20 63 6f 64 65 5f 6c 6f 67 20 2d 20 e8 ae bf e9 97 ... >
[2017-06-24 20:59:44.457] [INFO] console - <Buffer 5b 32 30 31 37 2d 30 36 2d 32 34 20 32 30 3a 35 37 3a 34 36 2e 36 34 30 5d 20 5b 46 41 54 41 4c 5d 20 63 6f 64 65 5f 6c 6f 67 20 2d 20 e8 ae bf e9 97 ... >
[2017-06-24 20:59:44.457] [INFO] console - <Buffer 5b 32 30 31 37 2d 30 36 2d 32 34 20 32 30 3a 35 37 3a 34 36 2e 36 34 30 5d 20 5b 46 41 54 41 4c 5d 20 63 6f 64 65 5f 6c 6f 67 20 2d 20 e8 ae bf e9 97 ... >
[2017-06-24 20:59:44.457] [INFO] console - <Buffer 5b 32 30 31 37 2d 30 36 2d 32 34 20 32 30 3a 35 37 3a 34 36 2e 36 34 30 5d 20 5b 46 41 54 41 4c 5d 20 63 6f 64 65 5f 6c 6f 67 20 2d 20 e8 ae bf e9 97 ... >
[2017-06-24 20:59:44.457] [INFO] console - <Buffer 5b 32 30 31 37 2d 30 36 2d 32 34 20 32 30 3a 35 37 3a 34 36 2e 36 34 30 5d 20 5b 46 41 54 41 4c 5d 20 63 6f 64 65 5f 6c 6f 67 20 2d 20 e8 ae bf e9 97 ... >
[2017-06-24 20:59:44.457] [INFO] console - <Buffer 5b 32 30 31 37 2d 30 36 2d 32 34 20 32 30 3a 35 37 3a 34 36 2e 36 34 30 5d 20 5b 46 41 54 41 4c 5d 20 63 6f 64 65 5f 6c 6f 67 20 2d 20 e8 ae bf e9 97 ... >
[2017-06-24 20:59:44.457] [INFO] console - <Buffer 5b 32 30 31 37 2d 30 36 2d 32 34 20 32 30 3a 35 37 3a 34 36 2e 36 34 30 5d 20 5b 46 41 54 41 4c 5d 20 63 6f 64 65 5f 6c 6f 67 20 2d 20 e8 ae bf e9 97 ... >
[2017-06-24 20:59:44.457] [INFO] console - <Buffer 5b 32 30 31 37 2d 30 36 2d 32 34 20 32 30 3a 35 37 3a 34 36 2e 36 34 30 5d 20 5b 46 41 54 41 4c 5d 20 63 6f 64 65 5f 6c 6f 67 20 2d 20 e8 ae bf e9 97 ... >
[2017-06-24 20:59:44.457] [INFO] console - <Buffer 5b 32 30 31 37 2d 30 36 2d 32 34 20 32 30 3a 35 37 3a 34 36 2e 36 34 30 5d 20 5b 46 41 54 41 4c 5d 20 63 6f 64 65 5f 6c 6f 67 20 2d 20 e8 ae bf e9 97 ... >
[2017-06-24 20:59:44.457] [INFO] console - <Buffer 5b 32 30 31 37 2d 30 36 2d 32 34 20 32 30 3a 35 37 3a 34 36 2e 36 34 30 5d 20 5b 46 41 54 41 4c 5d 20 63 6f 64 65 5f 6c 6f 67 20 2d 20 e8 ae bf e9 97 ... >
[2017-06-24 20:59:44.457] [INFO] console - <Buffer 5b 32 30 31 37 2d 30 36 2d 32 34 20 32 30 3a 35 37 3a 34 36 2e 36 34 30 5d 20 5b 46 41 54 41 4c 5d 20 63 6f 64 65 5f 6c 6f 67 20 2d 20 e8 ae bf e9 97 ... >
[2017-06-24 20:59:44.457] [INFO] console - <Buffer 5b 32 30 31 37 2d 30 36 2d 32 34 20 32 30 3a 35 37 3a 34 36 2e 36 34 30 5d 20 5b 46 41 54 41 4c 5d 20 63 6f 64 65 5f 6c 6f 67 20 2d 20 e8 ae bf e9 97 ... >
[2017-06-24 20:59:44.457] [INFO] console - <Buffer 5b 32 30 31 37 2d 30 36 2d 32 34 20 32 30 3a 35 37 3a 34 36 2e 36 34 30 5d 20 5b 46 41 54 41 4c 5d 20 63 6f 64 65 5f 6c 6f 67 20 2d 20 e8 ae bf e9 97 ... >
[2017-06-24 20:59:44.457] [INFO] console - <Buffer 5b 32 30 31 37 2d 30 36 2d 32 34 20 32 30 3a 35 37 3a 34 36 2e 36 34 30 5d 20 5b 46 41 54 41 4c 5d 20 63 6f 64 65 5f 6c 6f 67 20 2d 20 e8 ae bf e9 97 ... >
[2017-06-24 20:59:44.457] [INFO] console - <Buffer 5b 32 30 31 37 2d 30 36 2d 32 34 20 32 30 3a 35 37 3a 34 36 2e 36 34 30 5d 20 5b 46 41 54 41 4c 5d 20 63 6f 64 65 5f 6c 6f 67 20 2d 20 e8 ae bf e9 97 ... >
[2017-06-24 20:59:44.457] [INFO] console - <Buffer 5b 32 30 31 37 2d 30 36 2d 32 34 20 32 30 3a 35 37 3a 34 36 2e 36 34 30 5d 20 5b 46 41 54 41 4c 5d 20 63 6f 64 65 5f 6c 6f 67 20 2d 20 e8 ae bf e9 97 ... >
[2017-06-24 20:59:44.458] [INFO] console - <Buffer 5b 32 30 31 37 2d 30 36 2d 32 34 20 32 30 3a 35 37 3a 34 36 2e 36 34 30 5d 20 5b 46 41 54 41 4c 5d 20 63 6f 64 65 5f 6c 6f 67 20 2d 20 e8 ae bf e9 97 ... >
[2017-06-24 20:59:44.458] [INFO] console - <Buffer 5b 32 30 31 37 2d 30 36 2d 32 34 20 32 30 3a 35 37 3a 34 36 2e 36 34 30 5d 20 5b 46 41 54 41 4c 5d 20 63 6f 64 65 5f 6c 6f 67 20 2d 20 e8 ae bf e9 97 ... >
[2017-06-24 20:59:44.458] [INFO] console - <Buffer 5b 32 30 31 37 2d 30 36 2d 32 34 20 32 30 3a 35 37 3a 34 36 2e 36 34 30 5d 20 5b 46 41 54 41 4c 5d 20 63 6f 64 65 5f 6c 6f 67 20 2d 20 e8 ae bf e9 97 ... >
[2017-06-24 20:59:44.458] [INFO] console - <Buffer 5b 32 30 31 37 2d 30 36 2d 32 34 20 32 30 3a 35 37 3a 34 36 2e 36 34 30 5d 20 5b 46 41 54 41 4c 5d 20 63 6f 64 65 5f 6c 6f 67 20 2d 20 e8 ae bf e9 97 ... >
[2017-06-24 20:59:44.458] [INFO] console - <Buffer 5b 32 30 31 37 2d 30 36 2d 32 34 20 32 30 3a 35 37 3a 34 36 2e 36 34 30 5d 20 5b 46 41 54 41 4c 5d 20 63 6f 64 65 5f 6c 6f 67 20 2d 20 e8 ae bf e9 97 ... >
[2017-06-24 20:59:44.458] [INFO] console - <Buffer 5b 32 30 31 37 2d 30 36 2d 32 34 20 32 30 3a 35 37 3a 34 36 2e 36 34 30 5d 20 5b 46 41 54 41 4c 5d 20 63 6f 64 65 5f 6c 6f 67 20 2d 20 e8 ae bf e9 97 ... >
[2017-06-24 20:59:44.458] [INFO] console - <Buffer 5b 32 30 31 37 2d 30 36 2d 32 34 20 32 30 3a 35 37 3a 34 36 2e 36 34 30 5d 20 5b 46 41 54 41 4c 5d 20 63 6f 64 65 5f 6c 6f 67 20 2d 20 e8 ae bf e9 97 ... >
[2017-06-24 20:59:44.459] [INFO] console - <Buffer 5b 32 30 31 37 2d 30 36 2d 32 34 20 32 30 3a 35 37 3a 34 36 2e 36 34 30 5d 20 5b 46 41 54 41 4c 5d 20 63 6f 64 65 5f 6c 6f 67 20 2d 20 e8 ae bf e9 97 ... >
[2017-06-24 20:59:44.459] [INFO] console - <Buffer 5b 32 30 31 37 2d 30 36 2d 32 34 20 32 30 3a 35 37 3a 34 36 2e 36 34 30 5d 20 5b 46 41 54 41 4c 5d 20 63 6f 64 65 5f 6c 6f 67 20 2d 20 e8 ae bf e9 97 ... >
[2017-06-24 20:59:44.459] [INFO] console - <Buffer 5b 32 30 31 37 2d 30 36 2d 32 34 20 32 30 3a 35 37 3a 34 36 2e 36 34 30 5d 20 5b 46 41 54 41 4c 5d 20 63 6f 64 65 5f 6c 6f 67 20 2d 20 e8 ae bf e9 97 ... >
[2017-06-24 20:59:44.459] [INFO] console - <Buffer 5b 32 30 31 37 2d 30 36 2d 32 34 20 32 30 3a 35 37 3a 34 36 2e 36 34 30 5d 20 5b 46 41 54 41 4c 5d 20 63 6f 64 65 5f 6c 6f 67 20 2d 20 e8 ae bf e9 97 ... >
[2017-06-24 20:59:44.459] [INFO] console - <Buffer 5b 32 30 31 37 2d 30 36 2d 32 34 20 32 30 3a 35 37 3a 34 36 2e 36 34 30 5d 20 5b 46 41 54 41 4c 5d 20 63 6f 64 65 5f 6c 6f 67 20 2d 20 e8 ae bf e9 97 ... >
[2017-06-24 20:59:44.459] [INFO] console - <Buffer 5b 32 30 31 37 2d 30 36 2d 32 34 20 32 30 3a 35 37 3a 34 36 2e 36 34 30 5d 20 5b 46 41 54 41 4c 5d 20 63 6f 64 65 5f 6c 6f 67 20 2d 20 e8 ae bf e9 97 ... >
[2017-06-24 20:59:44.459] [INFO] console - <Buffer 5b 32 30 31 37 2d 30 36 2d 32 34 20 32 30 3a 35 37 3a 34 36 2e 36 34 30 5d 20 5b 46 41 54 41 4c 5d 20 63 6f 64 65 5f 6c 6f 67 20 2d 20 e8 ae bf e9 97 ... >
[2017-06-24 20:59:44.459] [INFO] console - <Buffer 5b 32 30 31 37 2d 30 36 2d 32 34 20 32 30 3a 35 37 3a 34 36 2e 36 34 30 5d 20 5b 46 41 54 41 4c 5d 20 63 6f 64 65 5f 6c 6f 67 20 2d 20 e8 ae bf e9 97 ... >
[2017-06-24 20:59:44.459] [INFO] console - <Buffer 5b 32 30 31 37 2d 30 36 2d 32 34 20 32 30 3a 35 37 3a 34 36 2e 36 34 30 5d 20 5b 46 41 54 41 4c 5d 20 63 6f 64 65 5f 6c 6f 67 20 2d 20 e8 ae bf e9 97 ... >
[2017-06-24 20:59:44.459] [INFO] console - <Buffer 5b 32 30 31 37 2d 30 36 2d 32 34 20 32 30 3a 35 37 3a 34 36 2e 36 34 30 5d 20 5b 46 41 54 41 4c 5d 20 63 6f 64 65 5f 6c 6f 67 20 2d 20 e8 ae bf e9 97 ... >
[2017-06-24 20:59:44.459] [INFO] console - <Buffer 5b 32 30 31 37 2d 30 36 2d 32 34 20 32 30 3a 35 37 3a 34 36 2e 36 34 30 5d 20 5b 46 41 54 41 4c 5d 20 63 6f 64 65 5f 6c 6f 67 20 2d 20 e8 ae bf e9 97 ... >
[2017-06-24 20:59:44.459] [INFO] console - <Buffer 5b 32 30 31 37 2d 30 36 2d 32 34 20 32 30 3a 35 37 3a 34 36 2e 36 34 30 5d 20 5b 46 41 54 41 4c 5d 20 63 6f 64 65 5f 6c 6f 67 20 2d 20 e8 ae bf e9 97 ... >
[2017-06-24 20:59:44.459] [INFO] console - <Buffer 5b 32 30 31 37 2d 30 36 2d 32 34 20 32 30 3a 35 37 3a 34 36 2e 36 34 30 5d 20 5b 46 41 54 41 4c 5d 20 63 6f 64 65 5f 6c 6f 67 20 2d 20 e8 ae bf e9 97 ... >
[2017-06-24 20:59:44.459] [INFO] console - <Buffer 5b 32 30 31 37 2d 30 36 2d 32 34 20 32 30 3a 35 37 3a 34 36 2e 36 34 30 5d 20 5b 46 41 54 41 4c 5d 20 63 6f 64 65 5f 6c 6f 67 20 2d 20 e8 ae bf e9 97 ... >
[2017-06-24 20:59:44.459] [INFO] console - <Buffer 5b 32 30 31 37 2d 30 36 2d 32 34 20 32 30 3a 35 37 3a 34 36 2e 36 34 30 5d 20 5b 46 41 54 41 4c 5d 20 63 6f 64 65 5f 6c 6f 67 20 2d 20 e8 ae bf e9 97 ... >
[2017-06-24 20:59:44.459] [INFO] console - <Buffer 5b 32 30 31 37 2d 30 36 2d 32 34 20 32 30 3a 35 37 3a 34 36 2e 36 34 30 5d 20 5b 46 41 54 41 4c 5d 20 63 6f 64 65 5f 6c 6f 67 20 2d 20 e8 ae bf e9 97 ... >
[2017-06-24 20:59:44.459] [INFO] console - <Buffer 5b 32 30 31 37 2d 30 36 2d 32 34 20 32 30 3a 35 37 3a 34 36 2e 36 34 30 5d 20 5b 46 41 54 41 4c 5d 20 63 6f 64 65 5f 6c 6f 67 20 2d 20 e8 ae bf e9 97 ... >
[2017-06-24 20:59:44.459] [INFO] console - <Buffer 5b 32 30 31 37 2d 30 36 2d 32 34 20 32 30 3a 35 37 3a 34 36 2e 36 34 30 5d 20 5b 46 41 54 41 4c 5d 20 63 6f 64 65 5f 6c 6f 67 20 2d 20 e8 ae bf e9 97 ... >
[2017-06-24 20:59:44.459] [INFO] console - <Buffer 5b 32 30 31 37 2d 30 36 2d 32 34 20 32 30 3a 35 37 3a 34 36 2e 36 34 30 5d 20 5b 46 41 54 41 4c 5d 20 63 6f 64 65 5f 6c 6f 67 20 2d 20 e8 ae bf e9 97 ... >
[2017-06-24 20:59:44.459] [INFO] console - <Buffer 5b 32 30 31 37 2d 30 36 2d 32 34 20 32 30 3a 35 37 3a 34 36 2e 36 34 30 5d 20 5b 46 41 54 41 4c 5d 20 63 6f 64 65 5f 6c 6f 67 20 2d 20 e8 ae bf e9 97 ... >
[2017-06-24 20:59:44.459] [INFO] console - <Buffer 5b 32 30 31 37 2d 30 36 2d 32 34 20 32 30 3a 35 37 3a 34 36 2e 36 34 30 5d 20 5b 46 41 54 41 4c 5d 20 63 6f 64 65 5f 6c 6f 67 20 2d 20 e8 ae bf e9 97 ... >
[2017-06-24 20:59:44.460] [INFO] console - <Buffer 5b 32 30 31 37 2d 30 36 2d 32 34 20 32 30 3a 35 37 3a 34 36 2e 36 34 30 5d 20 5b 46 41 54 41 4c 5d 20 63 6f 64 65 5f 6c 6f 67 20 2d 20 e8 ae bf e9 97 ... >
[2017-06-24 20:59:44.460] [INFO] console - <Buffer 5b 32 30 31 37 2d 30 36 2d 32 34 20 32 30 3a 35 37 3a 34 36 2e 36 34 30 5d 20 5b 46 41 54 41 4c 5d 20 63 6f 64 65 5f 6c 6f 67 20 2d 20 e8 ae bf e9 97 ... >
[2017-06-24 20:59:44.460] [INFO] console - <Buffer 5b 32 30 31 37 2d 30 36 2d 32 34 20 32 30 3a 35 37 3a 34 36 2e 36 34 30 5d 20 5b 46 41 54 41 4c 5d 20 63 6f 64 65 5f 6c 6f 67 20 2d 20 e8 ae bf e9 97 ... >
[2017-06-24 20:59:44.460] [INFO] console - <Buffer 5b 32 30 31 37 2d 30 36 2d 32 34 20 32 30 3a 35 37 3a 34 36 2e 36 34 30 5d 20 5b 46 41 54 41 4c 5d 20 63 6f 64 65 5f 6c 6f 67 20 2d 20 e8 ae bf e9 97 ... >
[2017-06-24 20:59:44.460] [INFO] console - <Buffer 5b 32 30 31 37 2d 30 36 2d 32 34 20 32 30 3a 35 37 3a 34 36 2e 36 34 30 5d 20 5b 46 41 54 41 4c 5d 20 63 6f 64 65 5f 6c 6f 67 20 2d 20 e8 ae bf e9 97 ... >
[2017-06-24 20:59:44.460] [INFO] console - <Buffer 5b 32 30 31 37 2d 30 36 2d 32 34 20 32 30 3a 35 37 3a 34 36 2e 36 34 30 5d 20 5b 46 41 54 41 4c 5d 20 63 6f 64 65 5f 6c 6f 67 20 2d 20 e8 ae bf e9 97 ... >
[2017-06-24 20:59:44.460] [INFO] console - <Buffer 5b 32 30 31 37 2d 30 36 2d 32 34 20 32 30 3a 35 37 3a 34 36 2e 36 34 30 5d 20 5b 46 41 54 41 4c 5d 20 63 6f 64 65 5f 6c 6f 67 20 2d 20 e8 ae bf e9 97 ... >
[2017-06-24 20:59:44.460] [INFO] console - <Buffer 5b 32 30 31 37 2d 30 36 2d 32 34 20 32 30 3a 35 37 3a 34 36 2e 36 34 30 5d 20 5b 46 41 54 41 4c 5d 20 63 6f 64 65 5f 6c 6f 67 20 2d 20 e8 ae bf e9 97 ... >
[2017-06-24 20:59:44.460] [INFO] console - <Buffer 5b 32 30 31 37 2d 30 36 2d 32 34 20 32 30 3a 35 37 3a 34 36 2e 36 34 30 5d 20 5b 46 41 54 41 4c 5d 20 63 6f 64 65 5f 6c 6f 67 20 2d 20 e8 ae bf e9 97 ... >
[2017-06-24 20:59:44.460] [INFO] console - <Buffer 5b 32 30 31 37 2d 30 36 2d 32 34 20 32 30 3a 35 37 3a 34 36 2e 36 34 30 5d 20 5b 46 41 54 41 4c 5d 20 63 6f 64 65 5f 6c 6f 67 20 2d 20 e8 ae bf e9 97 ... >
[2017-06-24 20:59:44.460] [INFO] console - <Buffer 5b 32 30 31 37 2d 30 36 2d 32 34 20 32 30 3a 35 37 3a 34 36 2e 36 34 30 5d 20 5b 46 41 54 41 4c 5d 20 63 6f 64 65 5f 6c 6f 67 20 2d 20 e8 ae bf e9 97 ... >
[2017-06-24 20:59:44.460] [INFO] console - <Buffer 5b 32 30 31 37 2d 30 36 2d 32 34 20 32 30 3a 35 37 3a 34 36 2e 36 34 30 5d 20 5b 46 41 54 41 4c 5d 20 63 6f 64 65 5f 6c 6f 67 20 2d 20 e8 ae bf e9 97 ... >
[2017-06-24 20:59:44.460] [INFO] console - <Buffer 5b 32 30 31 37 2d 30 36 2d 32 34 20 32 30 3a 35 37 3a 34 36 2e 36 34 30 5d 20 5b 46 41 54 41 4c 5d 20 63 6f 64 65 5f 6c 6f 67 20 2d 20 e8 ae bf e9 97 ... >
[2017-06-24 20:59:44.460] [INFO] console - <Buffer 5b 32 30 31 37 2d 30 36 2d 32 34 20 32 30 3a 35 37 3a 34 36 2e 36 34 30 5d 20 5b 46 41 54 41 4c 5d 20 63 6f 64 65 5f 6c 6f 67 20 2d 20 e8 ae bf e9 97 ... >
[2017-06-24 20:59:44.460] [INFO] console - <Buffer 5b 32 30 31 37 2d 30 36 2d 32 34 20 32 30 3a 35 37 3a 34 36 2e 36 34 30 5d 20 5b 46 41 54 41 4c 5d 20 63 6f 64 65 5f 6c 6f 67 20 2d 20 e8 ae bf e9 97 ... >
[2017-06-24 20:59:44.460] [INFO] console - <Buffer 5b 32 30 31 37 2d 30 36 2d 32 34 20 32 30 3a 35 37 3a 34 36 2e 36 34 30 5d 20 5b 46 41 54 41 4c 5d 20 63 6f 64 65 5f 6c 6f 67 20 2d 20 e8 ae bf e9 97 ... >
[2017-06-24 20:59:44.460] [INFO] console - <Buffer 5b 32 30 31 37 2d 30 36 2d 32 34 20 32 30 3a 35 37 3a 34 36 2e 36 34 30 5d 20 5b 46 41 54 41 4c 5d 20 63 6f 64 65 5f 6c 6f 67 20 2d 20 e8 ae bf e9 97 ... >
[2017-06-24 20:59:44.460] [INFO] console - <Buffer 5b 32 30 31 37 2d 30 36 2d 32 34 20 32 30 3a 35 37 3a 34 36 2e 36 34 30 5d 20 5b 46 41 54 41 4c 5d 20 63 6f 64 65 5f 6c 6f 67 20 2d 20 e8 ae bf e9 97 ... >
[2017-06-24 20:59:44.460] [INFO] console - <Buffer 5b 32 30 31 37 2d 30 36 2d 32 34 20 32 30 3a 35 37 3a 34 36 2e 36 34 30 5d 20 5b 46 41 54 41 4c 5d 20 63 6f 64 65 5f 6c 6f 67 20 2d 20 e8 ae bf e9 97 ... >
[2017-06-24 20:59:44.460] [INFO] console - <Buffer 5b 32 30 31 37 2d 30 36 2d 32 34 20 32 30 3a 35 37 3a 34 36 2e 36 34 30 5d 20 5b 46 41 54 41 4c 5d 20 63 6f 64 65 5f 6c 6f 67 20 2d 20 e8 ae bf e9 97 ... >
[2017-06-24 20:59:44.460] [INFO] console - <Buffer 5b 32 30 31 37 2d 30 36 2d 32 34 20 32 30 3a 35 37 3a 34 36 2e 36 34 30 5d 20 5b 46 41 54 41 4c 5d 20 63 6f 64 65 5f 6c 6f 67 20 2d 20 e8 ae bf e9 97 ... >
[2017-06-24 20:59:44.461] [INFO] console - <Buffer 5b 32 30 31 37 2d 30 36 2d 32 34 20 32 30 3a 35 37 3a 34 36 2e 36 34 30 5d 20 5b 46 41 54 41 4c 5d 20 63 6f 64 65 5f 6c 6f 67 20 2d 20 e8 ae bf e9 97 ... >
[2017-06-24 20:59:44.461] [INFO] console - <Buffer 5b 32 30 31 37 2d 30 36 2d 32 34 20 32 30 3a 35 37 3a 34 36 2e 36 34 30 5d 20 5b 46 41 54 41 4c 5d 20 63 6f 64 65 5f 6c 6f 67 20 2d 20 e8 ae bf e9 97 ... >
[2017-06-24 20:59:44.461] [INFO] console - <Buffer 5b 32 30 31 37 2d 30 36 2d 32 34 20 32 30 3a 35 37 3a 34 36 2e 36 34 30 5d 20 5b 46 41 54 41 4c 5d 20 63 6f 64 65 5f 6c 6f 67 20 2d 20 e8 ae bf e9 97 ... >
